<?xml version="1.0" encoding="UTF-8"?>
<!-- Generated by org.testng.reporters.JUnitReportReporter -->
<testsuite name="ttn.kokaihop.api.apiTestCase.apiTestCases" tests="1" time="3.308" ignored="0" failures="0" timestamp="20 Jul 2017 07:29:33 GMT" skipped="0" hostname="Atul-Sharma" errors="0">
  <testcase name="login_api" time="3.308" classname="ttn.kokaihop.api.apiTestCase.apiTestCases"/>
</testsuite> <!-- ttn.kokaihop.api.apiTestCase.apiTestCases -->
